2026-03-13 12:09:57,471 - INFO - Starting login process
2026-03-13 12:09:57,472 - INFO - Entering email
2026-03-13 12:09:57,597 - INFO - Entering password
2026-03-13 12:09:57,658 - INFO - Clicking login button
2026-03-13 12:09:57,791 - INFO - Login action completed
2026-03-13 12:10:06,656 - INFO - Starting login process
2026-03-13 12:10:06,656 - INFO - Entering email
2026-03-13 12:10:06,742 - INFO - Entering password
2026-03-13 12:10:06,801 - INFO - Clicking login button
2026-03-13 12:10:06,887 - INFO - Login action completed
2026-03-13 12:10:13,462 - INFO - Starting login process
2026-03-13 12:10:13,463 - INFO - Entering email
2026-03-13 12:10:13,551 - INFO - Entering password
2026-03-13 12:10:13,609 - INFO - Clicking login button
2026-03-13 12:10:13,723 - INFO - Login action completed
2026-03-13 12:10:20,230 - INFO - Starting login process
2026-03-13 12:10:20,230 - INFO - Entering email
2026-03-13 12:10:20,291 - INFO - Entering password
2026-03-13 12:10:20,355 - INFO - Clicking login button
2026-03-13 12:10:20,423 - INFO - Login action completed
2026-03-13 12:10:28,794 - INFO - Starting login process
2026-03-13 12:10:28,794 - INFO - Entering email
2026-03-13 12:10:28,884 - INFO - Entering password
2026-03-13 12:10:28,940 - INFO - Clicking login button
2026-03-13 12:10:29,033 - INFO - Login action completed
2026-03-13 12:18:44,016 - INFO - Starting login process
2026-03-13 12:18:44,017 - INFO - Entering email
2026-03-13 12:18:44,123 - INFO - Entering password
2026-03-13 12:18:44,181 - INFO - Clicking login button
2026-03-13 12:18:44,293 - INFO - Login action completed
2026-03-13 12:18:52,972 - INFO - Starting login process
2026-03-13 12:18:52,972 - INFO - Entering email
2026-03-13 12:18:53,089 - INFO - Entering password
2026-03-13 12:18:53,147 - INFO - Clicking login button
2026-03-13 12:18:53,237 - INFO - Login action completed
2026-03-13 12:18:59,803 - INFO - Starting login process
2026-03-13 12:18:59,803 - INFO - Entering email
2026-03-13 12:18:59,885 - INFO - Entering password
2026-03-13 12:18:59,944 - INFO - Clicking login button
2026-03-13 12:19:00,080 - INFO - Login action completed
2026-03-13 12:19:06,612 - INFO - Starting login process
2026-03-13 12:19:06,612 - INFO - Entering email
2026-03-13 12:19:06,699 - INFO - Entering password
2026-03-13 12:19:06,785 - INFO - Clicking login button
2026-03-13 12:19:06,903 - INFO - Login action completed
2026-03-13 12:19:13,451 - INFO - Starting login process
2026-03-13 12:19:13,451 - INFO - Entering email
2026-03-13 12:19:13,539 - INFO - Entering password
2026-03-13 12:19:13,592 - INFO - Clicking login button
2026-03-13 12:19:13,693 - INFO - Login action completed
2026-03-13 12:29:01,683 - INFO - Starting login process
2026-03-13 12:29:01,684 - INFO - Entering email
2026-03-13 12:29:01,813 - INFO - Entering password
2026-03-13 12:29:01,882 - INFO - Clicking login button
2026-03-13 12:29:01,980 - INFO - Login action completed
2026-03-13 12:29:11,148 - INFO - Starting login process
2026-03-13 12:29:11,148 - INFO - Entering email
2026-03-13 12:29:11,244 - INFO - Entering password
2026-03-13 12:29:11,300 - INFO - Clicking login button
2026-03-13 12:29:11,387 - INFO - Login action completed
2026-03-13 12:29:19,550 - INFO - Starting login process
2026-03-13 12:29:19,550 - INFO - Entering email
2026-03-13 12:29:19,645 - INFO - Entering password
2026-03-13 12:29:19,705 - INFO - Clicking login button
2026-03-13 12:29:19,813 - INFO - Login action completed
2026-03-13 12:29:26,399 - INFO - Starting login process
2026-03-13 12:29:26,399 - INFO - Entering email
2026-03-13 12:29:26,461 - INFO - Entering password
2026-03-13 12:29:26,524 - INFO - Clicking login button
2026-03-13 12:29:26,606 - INFO - Login action completed
2026-03-13 12:29:33,304 - INFO - Starting login process
2026-03-13 12:29:33,304 - INFO - Entering email
2026-03-13 12:29:33,404 - INFO - Entering password
2026-03-13 12:29:33,452 - INFO - Clicking login button
2026-03-13 12:29:33,539 - INFO - Login action completed
2026-03-13 13:22:20,156 - INFO - Starting login process
2026-03-13 13:22:20,158 - INFO - Entering email
2026-03-13 13:22:20,158 - INFO - Starting login process
2026-03-13 13:22:20,159 - INFO - Entering email
2026-03-13 13:22:20,159 - INFO - Starting login process
2026-03-13 13:22:20,160 - INFO - Entering email
2026-03-13 13:22:20,522 - INFO - Entering password
2026-03-13 13:22:20,523 - INFO - Entering password
2026-03-13 13:22:20,786 - INFO - Clicking login button
2026-03-13 13:22:20,789 - INFO - Clicking login button
2026-03-13 13:22:20,794 - INFO - Clicking login button
2026-03-13 13:22:21,030 - INFO - Login action completed
2026-03-13 13:22:21,070 - INFO - Login action completed
2026-03-13 13:22:21,077 - INFO - Login action completed
2026-03-13 13:22:22,035 - INFO - Starting login process
2026-03-13 13:22:22,035 - INFO - Entering email
2026-03-13 13:22:22,314 - INFO - Entering password
2026-03-13 13:22:22,515 - INFO - Clicking login button
2026-03-13 13:22:22,787 - INFO - Login action completed
2026-03-13 13:22:24,298 - INFO - Starting login process
2026-03-13 13:22:24,298 - INFO - Entering email
2026-03-13 13:22:24,510 - INFO - Entering password
2026-03-13 13:22:24,720 - INFO - Clicking login button
2026-03-13 13:22:24,925 - INFO - Login action completed
2026-03-13 13:26:04,001 - INFO - Starting login process
2026-03-13 13:26:04,002 - INFO - Entering email
2026-03-13 13:26:04,080 - INFO - Starting login process
2026-03-13 13:26:04,081 - INFO - Entering email
2026-03-13 13:26:04,090 - INFO - Starting login process
2026-03-13 13:26:04,091 - INFO - Entering email
2026-03-13 13:26:04,423 - INFO - Entering password
2026-03-13 13:26:04,448 - INFO - Entering password
2026-03-13 13:26:04,477 - INFO - Entering password
2026-03-13 13:26:04,646 - INFO - Clicking login button
2026-03-13 13:26:04,699 - INFO - Clicking login button
2026-03-13 13:26:04,731 - INFO - Clicking login button
2026-03-13 13:26:04,890 - INFO - Login action completed
2026-03-13 13:26:04,962 - INFO - Login action completed
2026-03-13 13:26:04,994 - INFO - Login action completed
2026-03-13 13:26:05,730 - INFO - Starting login process
2026-03-13 13:26:05,731 - INFO - Entering email
2026-03-13 13:26:05,995 - INFO - Entering password
2026-03-13 13:26:06,196 - INFO - Clicking login button
2026-03-13 13:26:06,397 - INFO - Login action completed
2026-03-13 13:26:08,265 - INFO - Starting login process
2026-03-13 13:26:08,266 - INFO - Entering email
2026-03-13 13:26:08,471 - INFO - Entering password
2026-03-13 13:26:08,731 - INFO - Clicking login button
2026-03-13 13:26:08,985 - INFO - Login action completed
2026-03-13 13:41:10,795 - INFO - Starting login process
2026-03-13 13:41:10,795 - INFO - Entering email
2026-03-13 13:41:11,026 - INFO - Entering password
2026-03-13 13:41:11,252 - INFO - Clicking login button
2026-03-13 13:41:11,472 - INFO - Login action completed
2026-03-13 13:43:59,555 - INFO - Starting login process
2026-03-13 13:43:59,556 - INFO - Entering email
2026-03-13 13:43:59,754 - INFO - Entering password
2026-03-13 13:43:59,937 - INFO - Clicking login button
2026-03-13 13:44:00,154 - INFO - Login action completed
2026-03-13 13:46:14,718 - INFO - Starting login process
2026-03-13 13:46:14,719 - INFO - Entering email
2026-03-13 13:46:14,972 - INFO - Entering password
2026-03-13 13:46:15,229 - INFO - Clicking login button
2026-03-13 13:46:15,467 - INFO - Login action completed
2026-03-13 13:50:20,776 - INFO - Starting login process
2026-03-13 13:50:20,777 - INFO - Entering email
2026-03-13 13:50:20,980 - INFO - Entering password
2026-03-13 13:50:21,181 - INFO - Clicking login button
2026-03-13 13:50:21,390 - INFO - Login action completed
2026-03-13 13:51:56,068 - INFO - Starting login process
2026-03-13 13:51:56,068 - INFO - Entering email
2026-03-13 13:51:56,298 - INFO - Entering password
2026-03-13 13:51:56,533 - INFO - Clicking login button
2026-03-13 13:51:56,769 - INFO - Login action completed
2026-03-13 14:00:54,723 - INFO - Starting login process
2026-03-13 14:00:54,723 - INFO - Entering email
2026-03-13 14:00:55,001 - INFO - Entering password
2026-03-13 14:00:55,189 - INFO - Clicking login button
2026-03-13 14:00:55,373 - INFO - Login action completed
2026-03-13 14:13:26,734 - INFO - Starting login process
2026-03-13 14:13:26,734 - INFO - Entering email
2026-03-13 14:13:26,989 - INFO - Entering password
2026-03-13 14:13:27,179 - INFO - Clicking login button
2026-03-13 14:13:27,378 - INFO - Login action completed
2026-03-13 14:19:44,561 - INFO - Starting login process
2026-03-13 14:19:44,562 - INFO - Entering email
2026-03-13 14:19:44,782 - INFO - Entering password
2026-03-13 14:19:44,979 - INFO - Clicking login button
2026-03-13 14:19:45,169 - INFO - Login action completed
2026-03-13 14:32:30,135 - INFO - Starting login process
2026-03-13 14:32:30,136 - INFO - Entering email
2026-03-13 14:32:30,367 - INFO - Entering password
2026-03-13 14:32:30,565 - INFO - Clicking login button
2026-03-13 14:32:30,769 - INFO - Login action completed
2026-03-13 14:34:04,131 - INFO - Starting login process
2026-03-13 14:34:04,132 - INFO - Entering email
2026-03-13 14:34:04,393 - INFO - Entering password
2026-03-13 14:34:04,584 - INFO - Clicking login button
2026-03-13 14:34:04,770 - INFO - Login action completed
2026-03-13 14:34:09,097 - INFO - Starting login process
2026-03-13 14:34:09,098 - INFO - Entering email
2026-03-13 14:34:09,294 - INFO - Entering password
2026-03-13 14:34:09,472 - INFO - Clicking login button
2026-03-13 14:34:09,657 - INFO - Login action completed
2026-03-13 14:36:38,704 - INFO - Starting login process
2026-03-13 14:36:38,704 - INFO - Entering email
2026-03-13 14:36:38,980 - INFO - Entering password
2026-03-13 14:36:39,167 - INFO - Clicking login button
2026-03-13 14:36:39,352 - INFO - Login action completed
2026-03-13 14:36:43,687 - INFO - Starting login process
2026-03-13 14:36:43,687 - INFO - Entering email
2026-03-13 14:36:43,916 - INFO - Entering password
2026-03-13 14:36:44,093 - INFO - Clicking login button
2026-03-13 14:36:44,274 - INFO - Login action completed
2026-03-13 14:42:50,480 - INFO - Starting login process
2026-03-13 14:42:50,481 - INFO - Entering email
2026-03-13 14:42:50,767 - INFO - Entering password
2026-03-13 14:42:50,960 - INFO - Clicking login button
2026-03-13 14:42:51,144 - INFO - Login action completed
2026-03-13 14:43:02,439 - INFO - Starting login process
2026-03-13 14:43:02,439 - INFO - Entering email
2026-03-13 14:43:02,666 - INFO - Entering password
2026-03-13 14:43:02,842 - INFO - Clicking login button
2026-03-13 14:43:03,036 - INFO - Login action completed
2026-03-13 14:44:38,404 - INFO - Starting login process
2026-03-13 14:44:38,404 - INFO - Entering email
2026-03-13 14:44:38,632 - INFO - Entering password
2026-03-13 14:44:38,820 - INFO - Clicking login button
2026-03-13 14:44:39,005 - INFO - Login action completed
2026-03-13 14:44:50,184 - INFO - Starting login process
2026-03-13 14:44:50,184 - INFO - Entering email
2026-03-13 14:44:50,400 - INFO - Entering password
2026-03-13 14:44:50,578 - INFO - Clicking login button
2026-03-13 14:44:50,768 - INFO - Login action completed
2026-03-14 09:58:12,750 - INFO - Starting login process
2026-03-14 09:58:12,759 - INFO - Entering email
2026-03-14 09:58:13,113 - INFO - Entering password
2026-03-14 09:58:13,219 - INFO - Clicking login button
2026-03-14 09:58:13,321 - INFO - Login action completed
2026-03-14 09:58:32,049 - INFO - Starting login process
2026-03-14 09:58:32,050 - INFO - Entering email
2026-03-14 09:58:32,245 - INFO - Entering password
2026-03-14 09:58:32,336 - INFO - Clicking login button
2026-03-14 09:58:32,470 - INFO - Login action completed
2026-03-14 10:04:39,580 - INFO - Starting login process
2026-03-14 10:04:39,585 - INFO - Entering email
2026-03-14 10:04:39,786 - INFO - Entering password
2026-03-14 10:04:39,913 - INFO - Clicking login button
2026-03-14 10:04:40,090 - INFO - Login action completed
2026-03-14 10:04:58,869 - INFO - Starting login process
2026-03-14 10:04:58,869 - INFO - Entering email
2026-03-14 10:04:59,008 - INFO - Entering password
2026-03-14 10:04:59,126 - INFO - Clicking login button
2026-03-14 10:04:59,222 - INFO - Login action completed
2026-03-14 10:10:06,566 - INFO - Starting login process
2026-03-14 10:10:06,567 - INFO - Entering email
2026-03-14 10:10:06,729 - INFO - Entering password
2026-03-14 10:10:06,801 - INFO - Clicking login button
2026-03-14 10:10:06,908 - INFO - Login action completed
2026-03-14 10:10:24,595 - INFO - Starting login process
2026-03-14 10:10:24,597 - INFO - Entering email
2026-03-14 10:10:24,769 - INFO - Entering password
2026-03-14 10:10:24,915 - INFO - Clicking login button
2026-03-14 10:10:25,062 - INFO - Login action completed
2026-03-14 10:10:34,567 - INFO - Starting login process
2026-03-14 10:10:34,569 - INFO - Entering email
2026-03-14 10:10:34,741 - INFO - Entering password
2026-03-14 10:10:34,930 - INFO - Clicking login button
2026-03-14 10:10:35,587 - INFO - Login action completed
2026-03-14 10:15:22,344 - INFO - Starting login process
2026-03-14 10:15:22,344 - INFO - Entering email
2026-03-14 10:15:22,512 - INFO - Entering password
2026-03-14 10:15:22,585 - INFO - Clicking login button
2026-03-14 10:15:22,707 - INFO - Login action completed
2026-03-14 10:15:32,894 - INFO - Starting login process
2026-03-14 10:15:32,895 - INFO - Entering email
2026-03-14 10:15:33,412 - INFO - Entering password
2026-03-14 10:15:33,787 - INFO - Clicking login button
2026-03-14 10:15:34,105 - INFO - Login action completed
2026-03-14 10:21:45,570 - INFO - Starting login process
2026-03-14 10:21:45,572 - INFO - Entering email
2026-03-14 10:21:45,736 - INFO - Entering password
2026-03-14 10:21:45,822 - INFO - Clicking login button
2026-03-14 10:21:45,972 - INFO - Login action completed
2026-03-14 10:22:07,288 - INFO - Starting login process
2026-03-14 10:22:07,289 - INFO - Entering email
2026-03-14 10:22:07,510 - INFO - Entering password
2026-03-14 10:22:08,066 - INFO - Clicking login button
2026-03-14 10:22:08,564 - INFO - Login action completed
2026-03-14 10:27:46,948 - INFO - Starting login process
2026-03-14 10:27:46,948 - INFO - Entering email
2026-03-14 10:27:49,076 - INFO - Entering password
2026-03-14 10:27:49,351 - INFO - Clicking login button
2026-03-14 10:27:49,774 - INFO - Login action completed
2026-03-14 10:44:58,905 - INFO - Starting login process
2026-03-14 10:44:58,906 - INFO - Entering email
2026-03-14 10:44:59,058 - INFO - Entering password
2026-03-14 10:44:59,152 - INFO - Clicking login button
2026-03-14 10:44:59,288 - INFO - Login action completed
2026-03-14 10:45:14,118 - INFO - Starting login process
2026-03-14 10:45:14,120 - INFO - Entering email
2026-03-14 10:45:14,743 - INFO - Entering password
2026-03-14 10:45:14,833 - INFO - Clicking login button
2026-03-14 10:45:14,945 - INFO - Login action completed
2026-03-14 10:45:24,305 - INFO - Starting login process
2026-03-14 10:45:24,306 - INFO - Entering email
2026-03-14 10:45:24,422 - INFO - Entering password
2026-03-14 10:45:24,555 - INFO - Clicking login button
2026-03-14 10:45:24,699 - INFO - Login action completed
2026-03-14 10:45:58,657 - INFO - Starting login process
2026-03-14 10:45:58,658 - INFO - Entering email
2026-03-14 10:45:58,746 - INFO - Entering password
2026-03-14 10:45:58,801 - INFO - Clicking login button
2026-03-14 10:45:58,888 - INFO - Login action completed
2026-03-14 10:54:46,903 - INFO - Starting login process
2026-03-14 10:54:46,904 - INFO - Entering email
2026-03-14 10:54:47,003 - INFO - Entering password
2026-03-14 10:54:47,058 - INFO - Clicking login button
2026-03-14 10:54:47,173 - INFO - Login action completed
2026-03-14 11:05:05,001 - INFO - Starting login process
2026-03-14 11:05:05,002 - INFO - Entering email
2026-03-14 11:05:05,265 - INFO - Entering password
2026-03-14 11:05:05,328 - INFO - Clicking login button
2026-03-14 11:05:05,408 - INFO - Login action completed
2026-03-14 11:06:59,621 - INFO - Starting login process
2026-03-14 11:06:59,622 - INFO - Entering email
2026-03-14 11:06:59,732 - INFO - Entering password
2026-03-14 11:06:59,792 - INFO - Clicking login button
2026-03-14 11:06:59,872 - INFO - Login action completed
2026-03-14 11:07:06,967 - INFO - Starting login process
2026-03-14 11:07:06,968 - INFO - Entering email
2026-03-14 11:07:07,086 - INFO - Entering password
2026-03-14 11:07:07,177 - INFO - Clicking login button
2026-03-14 11:07:07,278 - INFO - Login action completed
2026-03-14 11:10:50,978 - INFO - Starting login process
2026-03-14 11:10:50,979 - INFO - Entering email
2026-03-14 11:10:51,082 - INFO - Entering password
2026-03-14 11:10:51,162 - INFO - Clicking login button
2026-03-14 11:10:51,254 - INFO - Login action completed
2026-03-14 11:11:09,251 - INFO - Starting login process
2026-03-14 11:11:09,251 - INFO - Entering email
2026-03-14 11:11:09,343 - INFO - Entering password
2026-03-14 11:11:09,396 - INFO - Clicking login button
2026-03-14 11:11:09,479 - INFO - Login action completed
2026-03-14 11:11:24,285 - INFO - Starting login process
2026-03-14 11:11:24,286 - INFO - Entering email
2026-03-14 11:11:24,399 - INFO - Entering password
2026-03-14 11:11:24,458 - INFO - Clicking login button
2026-03-14 11:11:24,539 - INFO - Login action completed
2026-03-14 11:11:31,690 - INFO - Starting login process
2026-03-14 11:11:31,691 - INFO - Entering email
2026-03-14 11:11:31,806 - INFO - Entering password
2026-03-14 11:11:31,866 - INFO - Clicking login button
2026-03-14 11:11:31,961 - INFO - Login action completed
2026-03-14 11:11:47,819 - INFO - Starting login process
2026-03-14 11:11:47,819 - INFO - Entering email
2026-03-14 11:11:47,958 - INFO - Entering password
2026-03-14 11:11:48,011 - INFO - Clicking login button
2026-03-14 11:11:48,085 - INFO - Login action completed
2026-03-14 11:11:55,215 - INFO - Starting login process
2026-03-14 11:11:55,215 - INFO - Entering email
2026-03-14 11:11:55,317 - INFO - Entering password
2026-03-14 11:11:55,445 - INFO - Clicking login button
2026-03-14 11:11:55,529 - INFO - Login action completed
2026-03-14 11:12:00,163 - INFO - Starting login process
2026-03-14 11:12:00,163 - INFO - Entering email
2026-03-14 11:12:00,271 - INFO - Entering password
2026-03-14 11:12:00,356 - INFO - Clicking login button
2026-03-14 11:12:00,510 - INFO - Login action completed
2026-03-14 11:12:06,922 - INFO - Starting login process
2026-03-14 11:12:06,923 - INFO - Entering email
2026-03-14 11:12:07,050 - INFO - Entering password
2026-03-14 11:12:07,148 - INFO - Clicking login button
2026-03-14 11:12:07,272 - INFO - Login action completed
2026-03-14 11:12:12,078 - INFO - Starting login process
2026-03-14 11:12:12,079 - INFO - Entering email
2026-03-14 11:12:12,209 - INFO - Entering password
2026-03-14 11:12:12,271 - INFO - Clicking login button
2026-03-14 11:12:12,381 - INFO - Login action completed
2026-03-14 11:12:17,161 - INFO - Starting login process
2026-03-14 11:12:17,162 - INFO - Entering email
2026-03-14 11:12:17,266 - INFO - Entering password
2026-03-14 11:12:17,326 - INFO - Clicking login button
2026-03-14 11:12:17,408 - INFO - Login action completed
2026-03-14 11:12:21,895 - INFO - Starting login process
2026-03-14 11:12:21,896 - INFO - Entering email
2026-03-14 11:12:22,002 - INFO - Entering password
2026-03-14 11:12:22,056 - INFO - Clicking login button
2026-03-14 11:12:22,174 - INFO - Login action completed
2026-03-14 11:12:26,743 - INFO - Starting login process
2026-03-14 11:12:26,743 - INFO - Entering email
2026-03-14 11:12:26,858 - INFO - Entering password
2026-03-14 11:12:26,921 - INFO - Clicking login button
2026-03-14 11:12:27,017 - INFO - Login action completed
2026-03-14 11:12:34,284 - INFO - Starting login process
2026-03-14 11:12:34,285 - INFO - Entering email
2026-03-14 11:12:34,396 - INFO - Entering password
2026-03-14 11:12:34,461 - INFO - Clicking login button
2026-03-14 11:12:34,559 - INFO - Login action completed
2026-03-14 11:12:43,418 - INFO - Starting login process
2026-03-14 11:12:43,418 - INFO - Entering email
2026-03-14 11:12:43,518 - INFO - Entering password
2026-03-14 11:12:43,618 - INFO - Clicking login button
2026-03-14 11:12:43,717 - INFO - Login action completed
2026-03-14 11:13:01,643 - INFO - Starting login process
2026-03-14 11:13:01,643 - INFO - Entering email
2026-03-14 11:13:01,729 - INFO - Entering password
2026-03-14 11:13:01,820 - INFO - Clicking login button
2026-03-14 11:13:01,925 - INFO - Login action completed
2026-03-14 11:15:11,176 - INFO - Starting login process
2026-03-14 11:15:11,177 - INFO - Entering email
2026-03-14 11:15:11,303 - INFO - Entering password
2026-03-14 11:15:11,353 - INFO - Clicking login button
2026-03-14 11:15:11,419 - INFO - Login action completed
2026-03-14 11:15:19,107 - INFO - Starting login process
2026-03-14 11:15:19,107 - INFO - Entering email
2026-03-14 11:15:19,212 - INFO - Entering password
2026-03-14 11:15:19,296 - INFO - Clicking login button
2026-03-14 11:15:19,420 - INFO - Login action completed
